{"/home/horlarh/Desktop/booking-simulation/src/controllers/booking.ts": {"path":"/home/horlarh/Desktop/booking-simulation/src/controllers/booking.ts","statementMap":{"0":{"start":{"line":9,"column":29},"end":{"line":68,"column":2}},"1":{"start":{"line":10,"column":29},"end":{"line":10,"column":64}},"2":{"start":{"line":11,"column":4},"end":{"line":11,"column":109}},"3":{"start":{"line":11,"column":39},"end":{"line":11,"column":109}},"4":{"start":{"line":12,"column":31},"end":{"line":12,"column":68}},"5":{"start":{"line":14,"column":21},"end":{"line":14,"column":115}},"6":{"start":{"line":15,"column":4},"end":{"line":15,"column":79}},"7":{"start":{"line":15,"column":18},"end":{"line":15,"column":79}},"8":{"start":{"line":17,"column":17},"end":{"line":17,"column":71}},"9":{"start":{"line":18,"column":15},"end":{"line":18,"column":67}},"10":{"start":{"line":20,"column":4},"end":{"line":22,"column":5}},"11":{"start":{"line":21,"column":4},"end":{"line":21,"column":82}},"12":{"start":{"line":24,"column":21},"end":{"line":24,"column":36}},"13":{"start":{"line":25,"column":19},"end":{"line":25,"column":32}},"14":{"start":{"line":26,"column":20},"end":{"line":26,"column":45}},"15":{"start":{"line":27,"column":4},"end":{"line":27,"column":108}},"16":{"start":{"line":27,"column":26},"end":{"line":27,"column":108}},"17":{"start":{"line":28,"column":4},"end":{"line":28,"column":106}},"18":{"start":{"line":28,"column":27},"end":{"line":28,"column":106}},"19":{"start":{"line":31,"column":4},"end":{"line":31,"column":256}},"20":{"start":{"line":31,"column":150},"end":{"line":31,"column":256}},"21":{"start":{"line":34,"column":4},"end":{"line":55,"column":5}},"22":{"start":{"line":35,"column":26},"end":{"line":35,"column":30}},"23":{"start":{"line":37,"column":8},"end":{"line":52,"column":9}},"24":{"start":{"line":37,"column":20},"end":{"line":37,"column":21}},"25":{"start":{"line":38,"column":23},"end":{"line":38,"column":43}},"26":{"start":{"line":39,"column":12},"end":{"line":42,"column":13}},"27":{"start":{"line":40,"column":16},"end":{"line":40,"column":36}},"28":{"start":{"line":41,"column":16},"end":{"line":41,"column":22}},"29":{"start":{"line":43,"column":12},"end":{"line":46,"column":13}},"30":{"start":{"line":44,"column":16},"end":{"line":44,"column":36}},"31":{"start":{"line":45,"column":16},"end":{"line":45,"column":22}},"32":{"start":{"line":48,"column":12},"end":{"line":51,"column":13}},"33":{"start":{"line":49,"column":16},"end":{"line":49,"column":36}},"34":{"start":{"line":50,"column":16},"end":{"line":50,"column":22}},"35":{"start":{"line":54,"column":8},"end":{"line":54,"column":124}},"36":{"start":{"line":54,"column":24},"end":{"line":54,"column":124}},"37":{"start":{"line":58,"column":20},"end":{"line":58,"column":33}},"38":{"start":{"line":59,"column":4},"end":{"line":59,"column":42}},"39":{"start":{"line":60,"column":4},"end":{"line":60,"column":33}},"40":{"start":{"line":61,"column":4},"end":{"line":61,"column":29}},"41":{"start":{"line":62,"column":4},"end":{"line":62,"column":34}},"42":{"start":{"line":65,"column":30},"end":{"line":65,"column":66}},"43":{"start":{"line":66,"column":18},"end":{"line":66,"column":55}},"44":{"start":{"line":67,"column":4},"end":{"line":67,"column":38}},"45":{"start":{"line":70,"column":29},"end":{"line":77,"column":2}},"46":{"start":{"line":71,"column":17},"end":{"line":71,"column":27}},"47":{"start":{"line":72,"column":30},"end":{"line":72,"column":66}},"48":{"start":{"line":73,"column":20},"end":{"line":73,"column":68}},"49":{"start":{"line":74,"column":4},"end":{"line":74,"column":76}},"50":{"start":{"line":74,"column":17},"end":{"line":74,"column":76}},"51":{"start":{"line":75,"column":4},"end":{"line":75,"column":40}},"52":{"start":{"line":76,"column":4},"end":{"line":76,"column":40}}},"fnMap":{"0":{"name":"(anonymous_0)","decl":{"start":{"line":9,"column":46},"end":{"line":9,"column":47}},"loc":{"start":{"line":9,"column":83},"end":{"line":68,"column":1}},"line":9},"1":{"name":"(anonymous_1)","decl":{"start":{"line":70,"column":46},"end":{"line":70,"column":47}},"loc":{"start":{"line":70,"column":82},"end":{"line":77,"column":1}},"line":70}},"branchMap":{"0":{"loc":{"start":{"line":11,"column":4},"end":{"line":11,"column":109}},"type":"if","locations":[{"start":{"line":11,"column":4},"end":{"line":11,"column":109}},{"start":{},"end":{}}],"line":11},"1":{"loc":{"start":{"line":15,"column":4},"end":{"line":15,"column":79}},"type":"if","locations":[{"start":{"line":15,"column":4},"end":{"line":15,"column":79}},{"start":{},"end":{}}],"line":15},"2":{"loc":{"start":{"line":20,"column":4},"end":{"line":22,"column":5}},"type":"if","locations":[{"start":{"line":20,"column":4},"end":{"line":22,"column":5}},{"start":{},"end":{}}],"line":20},"3":{"loc":{"start":{"line":20,"column":8},"end":{"line":20,"column":36}},"type":"binary-expr","locations":[{"start":{"line":20,"column":8},"end":{"line":20,"column":21}},{"start":{"line":20,"column":25},"end":{"line":20,"column":36}}],"line":20},"4":{"loc":{"start":{"line":27,"column":4},"end":{"line":27,"column":108}},"type":"if","locations":[{"start":{"line":27,"column":4},"end":{"line":27,"column":108}},{"start":{},"end":{}}],"line":27},"5":{"loc":{"start":{"line":28,"column":4},"end":{"line":28,"column":106}},"type":"if","locations":[{"start":{"line":28,"column":4},"end":{"line":28,"column":106}},{"start":{},"end":{}}],"line":28},"6":{"loc":{"start":{"line":31,"column":4},"end":{"line":31,"column":256}},"type":"if","locations":[{"start":{"line":31,"column":4},"end":{"line":31,"column":256}},{"start":{},"end":{}}],"line":31},"7":{"loc":{"start":{"line":31,"column":7},"end":{"line":31,"column":149}},"type":"binary-expr","locations":[{"start":{"line":31,"column":7},"end":{"line":31,"column":41}},{"start":{"line":31,"column":45},"end":{"line":31,"column":78}},{"start":{"line":31,"column":82},"end":{"line":31,"column":112}},{"start":{"line":31,"column":116},"end":{"line":31,"column":149}}],"line":31},"8":{"loc":{"start":{"line":34,"column":4},"end":{"line":55,"column":5}},"type":"if","locations":[{"start":{"line":34,"column":4},"end":{"line":55,"column":5}},{"start":{},"end":{}}],"line":34},"9":{"loc":{"start":{"line":39,"column":12},"end":{"line":42,"column":13}},"type":"if","locations":[{"start":{"line":39,"column":12},"end":{"line":42,"column":13}},{"start":{},"end":{}}],"line":39},"10":{"loc":{"start":{"line":43,"column":12},"end":{"line":46,"column":13}},"type":"if","locations":[{"start":{"line":43,"column":12},"end":{"line":46,"column":13}},{"start":{},"end":{}}],"line":43},"11":{"loc":{"start":{"line":43,"column":15},"end":{"line":43,"column":67}},"type":"binary-expr","locations":[{"start":{"line":43,"column":15},"end":{"line":43,"column":40}},{"start":{"line":43,"column":44},"end":{"line":43,"column":67}}],"line":43},"12":{"loc":{"start":{"line":48,"column":12},"end":{"line":51,"column":13}},"type":"if","locations":[{"start":{"line":48,"column":12},"end":{"line":51,"column":13}},{"start":{},"end":{}}],"line":48},"13":{"loc":{"start":{"line":48,"column":15},"end":{"line":48,"column":65}},"type":"binary-expr","locations":[{"start":{"line":48,"column":15},"end":{"line":48,"column":39}},{"start":{"line":48,"column":43},"end":{"line":48,"column":65}}],"line":48},"14":{"loc":{"start":{"line":54,"column":8},"end":{"line":54,"column":124}},"type":"if","locations":[{"start":{"line":54,"column":8},"end":{"line":54,"column":124}},{"start":{},"end":{}}],"line":54},"15":{"loc":{"start":{"line":74,"column":4},"end":{"line":74,"column":76}},"type":"if","locations":[{"start":{"line":74,"column":4},"end":{"line":74,"column":76}},{"start":{},"end":{}}],"line":74}},"s":{"0":1,"1":3,"2":3,"3":1,"4":2,"5":2,"6":2,"7":1,"8":1,"9":1,"10":1,"11":0,"12":1,"13":1,"14":1,"15":1,"16":0,"17":1,"18":0,"19":1,"20":0,"21":1,"22":0,"23":0,"24":0,"25":0,"26":0,"27":0,"28":0,"29":0,"30":0,"31":0,"32":0,"33":0,"34":0,"35":0,"36":0,"37":1,"38":1,"39":1,"40":1,"41":1,"42":1,"43":1,"44":1,"45":1,"46":2,"47":2,"48":2,"49":2,"50":1,"51":1,"52":1},"f":{"0":3,"1":2},"b":{"0":[1,2],"1":[1,1],"2":[0,1],"3":[1,1],"4":[0,1],"5":[0,1],"6":[0,1],"7":[1,1,1,1],"8":[0,1],"9":[0,0],"10":[0,0],"11":[0,0],"12":[0,0],"13":[0,0],"14":[0,0],"15":[1,1]},"_coverageSchema":"1a1c01bbd47fc00a2c39e90264f33305004495a9","hash":"4a4b43037b8bd8c3fd4eded0482af449cd59d251"}
,"/home/horlarh/Desktop/booking-simulation/src/controllers/property.ts": {"path":"/home/horlarh/Desktop/booking-simulation/src/controllers/property.ts","statementMap":{"0":{"start":{"line":9,"column":27},"end":{"line":43,"column":2}},"1":{"start":{"line":10,"column":19},"end":{"line":10,"column":55}},"2":{"start":{"line":11,"column":4},"end":{"line":14,"column":5}},"3":{"start":{"line":12,"column":8},"end":{"line":12,"column":61}},"4":{"start":{"line":13,"column":8},"end":{"line":13,"column":14}},"5":{"start":{"line":16,"column":17},"end":{"line":16,"column":75}},"6":{"start":{"line":17,"column":15},"end":{"line":17,"column":71}},"7":{"start":{"line":19,"column":4},"end":{"line":21,"column":5}},"8":{"start":{"line":20,"column":4},"end":{"line":20,"column":82}},"9":{"start":{"line":23,"column":30},"end":{"line":23,"column":45}},"10":{"start":{"line":24,"column":28},"end":{"line":24,"column":41}},"11":{"start":{"line":27,"column":4},"end":{"line":27,"column":100}},"12":{"start":{"line":27,"column":26},"end":{"line":27,"column":100}},"13":{"start":{"line":28,"column":4},"end":{"line":28,"column":96}},"14":{"start":{"line":28,"column":24},"end":{"line":28,"column":96}},"15":{"start":{"line":30,"column":4},"end":{"line":30,"column":144}},"16":{"start":{"line":30,"column":44},"end":{"line":30,"column":144}},"17":{"start":{"line":31,"column":21},"end":{"line":31,"column":35}},"18":{"start":{"line":32,"column":20},"end":{"line":32,"column":28}},"19":{"start":{"line":33,"column":4},"end":{"line":33,"column":34}},"20":{"start":{"line":34,"column":4},"end":{"line":34,"column":46}},"21":{"start":{"line":35,"column":4},"end":{"line":35,"column":47}},"22":{"start":{"line":36,"column":4},"end":{"line":36,"column":43}},"23":{"start":{"line":37,"column":4},"end":{"line":37,"column":53}},"24":{"start":{"line":38,"column":4},"end":{"line":38,"column":54}},"25":{"start":{"line":39,"column":31},"end":{"line":39,"column":68}},"26":{"start":{"line":40,"column":18},"end":{"line":40,"column":57}},"27":{"start":{"line":41,"column":4},"end":{"line":41,"column":38}},"28":{"start":{"line":45,"column":29},"end":{"line":69,"column":2}},"29":{"start":{"line":46,"column":27},"end":{"line":46,"column":36}},"30":{"start":{"line":47,"column":17},"end":{"line":47,"column":44}},"31":{"start":{"line":48,"column":17},"end":{"line":48,"column":45}},"32":{"start":{"line":49,"column":31},"end":{"line":49,"column":68}},"33":{"start":{"line":50,"column":4},"end":{"line":67,"column":5}},"34":{"start":{"line":51,"column":34},"end":{"line":51,"column":69}},"35":{"start":{"line":52,"column":32},"end":{"line":52,"column":59}},"36":{"start":{"line":53,"column":41},"end":{"line":59,"column":30}},"37":{"start":{"line":61,"column":8},"end":{"line":61,"column":89}},"38":{"start":{"line":64,"column":27},"end":{"line":64,"column":122}},"39":{"start":{"line":65,"column":27},"end":{"line":65,"column":59}},"40":{"start":{"line":66,"column":8},"end":{"line":66,"column":86}},"41":{"start":{"line":72,"column":39},"end":{"line":105,"column":2}},"42":{"start":{"line":73,"column":17},"end":{"line":73,"column":27}},"43":{"start":{"line":74,"column":31},"end":{"line":74,"column":68}},"44":{"start":{"line":76,"column":21},"end":{"line":76,"column":96}},"45":{"start":{"line":77,"column":4},"end":{"line":77,"column":77}},"46":{"start":{"line":77,"column":17},"end":{"line":77,"column":77}},"47":{"start":{"line":79,"column":20},"end":{"line":79,"column":30}},"48":{"start":{"line":81,"column":4},"end":{"line":81,"column":23}},"49":{"start":{"line":82,"column":4},"end":{"line":82,"column":25}},"50":{"start":{"line":83,"column":4},"end":{"line":83,"column":30}},"51":{"start":{"line":85,"column":4},"end":{"line":85,"column":71}},"52":{"start":{"line":85,"column":40},"end":{"line":85,"column":71}},"53":{"start":{"line":86,"column":4},"end":{"line":103,"column":5}},"54":{"start":{"line":87,"column":8},"end":{"line":87,"column":135}},"55":{"start":{"line":87,"column":46},"end":{"line":87,"column":135}},"56":{"start":{"line":88,"column":8},"end":{"line":88,"column":83}},"57":{"start":{"line":90,"column":31},"end":{"line":90,"column":98}},"58":{"start":{"line":91,"column":30},"end":{"line":91,"column":40}},"59":{"start":{"line":92,"column":61},"end":{"line":92,"column":63}},"60":{"start":{"line":93,"column":32},"end":{"line":93,"column":115}},"61":{"start":{"line":93,"column":67},"end":{"line":93,"column":114}},"62":{"start":{"line":94,"column":8},"end":{"line":101,"column":9}},"63":{"start":{"line":94,"column":20},"end":{"line":94,"column":21}},"64":{"start":{"line":95,"column":28},"end":{"line":95,"column":46}},"65":{"start":{"line":96,"column":12},"end":{"line":99,"column":13}},"66":{"start":{"line":97,"column":16},"end":{"line":97,"column":44}},"67":{"start":{"line":98,"column":16},"end":{"line":98,"column":25}},"68":{"start":{"line":100,"column":12},"end":{"line":100,"column":70}},"69":{"start":{"line":102,"column":8},"end":{"line":102,"column":55}}},"fnMap":{"0":{"name":"(anonymous_0)","decl":{"start":{"line":9,"column":44},"end":{"line":9,"column":45}},"loc":{"start":{"line":9,"column":80},"end":{"line":43,"column":1}},"line":9},"1":{"name":"(anonymous_1)","decl":{"start":{"line":45,"column":46},"end":{"line":45,"column":47}},"loc":{"start":{"line":45,"column":82},"end":{"line":69,"column":1}},"line":45},"2":{"name":"(anonymous_2)","decl":{"start":{"line":72,"column":56},"end":{"line":72,"column":57}},"loc":{"start":{"line":72,"column":92},"end":{"line":105,"column":1}},"line":72},"3":{"name":"(anonymous_3)","decl":{"start":{"line":93,"column":60},"end":{"line":93,"column":61}},"loc":{"start":{"line":93,"column":67},"end":{"line":93,"column":114}},"line":93}},"branchMap":{"0":{"loc":{"start":{"line":11,"column":4},"end":{"line":14,"column":5}},"type":"if","locations":[{"start":{"line":11,"column":4},"end":{"line":14,"column":5}},{"start":{},"end":{}}],"line":11},"1":{"loc":{"start":{"line":19,"column":4},"end":{"line":21,"column":5}},"type":"if","locations":[{"start":{"line":19,"column":4},"end":{"line":21,"column":5}},{"start":{},"end":{}}],"line":19},"2":{"loc":{"start":{"line":19,"column":8},"end":{"line":19,"column":36}},"type":"binary-expr","locations":[{"start":{"line":19,"column":8},"end":{"line":19,"column":21}},{"start":{"line":19,"column":25},"end":{"line":19,"column":36}}],"line":19},"3":{"loc":{"start":{"line":27,"column":4},"end":{"line":27,"column":100}},"type":"if","locations":[{"start":{"line":27,"column":4},"end":{"line":27,"column":100}},{"start":{},"end":{}}],"line":27},"4":{"loc":{"start":{"line":28,"column":4},"end":{"line":28,"column":96}},"type":"if","locations":[{"start":{"line":28,"column":4},"end":{"line":28,"column":96}},{"start":{},"end":{}}],"line":28},"5":{"loc":{"start":{"line":30,"column":4},"end":{"line":30,"column":144}},"type":"if","locations":[{"start":{"line":30,"column":4},"end":{"line":30,"column":144}},{"start":{},"end":{}}],"line":30},"6":{"loc":{"start":{"line":47,"column":17},"end":{"line":47,"column":44}},"type":"binary-expr","locations":[{"start":{"line":47,"column":17},"end":{"line":47,"column":39}},{"start":{"line":47,"column":43},"end":{"line":47,"column":44}}],"line":47},"7":{"loc":{"start":{"line":48,"column":17},"end":{"line":48,"column":45}},"type":"binary-expr","locations":[{"start":{"line":48,"column":17},"end":{"line":48,"column":39}},{"start":{"line":48,"column":43},"end":{"line":48,"column":45}}],"line":48},"8":{"loc":{"start":{"line":50,"column":4},"end":{"line":67,"column":5}},"type":"if","locations":[{"start":{"line":50,"column":4},"end":{"line":67,"column":5}},{"start":{"line":63,"column":9},"end":{"line":67,"column":5}}],"line":50},"9":{"loc":{"start":{"line":77,"column":4},"end":{"line":77,"column":77}},"type":"if","locations":[{"start":{"line":77,"column":4},"end":{"line":77,"column":77}},{"start":{},"end":{}}],"line":77},"10":{"loc":{"start":{"line":85,"column":4},"end":{"line":85,"column":71}},"type":"if","locations":[{"start":{"line":85,"column":4},"end":{"line":85,"column":71}},{"start":{},"end":{}}],"line":85},"11":{"loc":{"start":{"line":86,"column":4},"end":{"line":103,"column":5}},"type":"if","locations":[{"start":{"line":86,"column":4},"end":{"line":103,"column":5}},{"start":{"line":89,"column":9},"end":{"line":103,"column":5}}],"line":86},"12":{"loc":{"start":{"line":87,"column":8},"end":{"line":87,"column":135}},"type":"if","locations":[{"start":{"line":87,"column":8},"end":{"line":87,"column":135}},{"start":{},"end":{}}],"line":87},"13":{"loc":{"start":{"line":90,"column":31},"end":{"line":90,"column":98}},"type":"cond-expr","locations":[{"start":{"line":90,"column":66},"end":{"line":90,"column":73}},{"start":{"line":90,"column":75},"end":{"line":90,"column":98}}],"line":90},"14":{"loc":{"start":{"line":96,"column":12},"end":{"line":99,"column":13}},"type":"if","locations":[{"start":{"line":96,"column":12},"end":{"line":99,"column":13}},{"start":{},"end":{}}],"line":96},"15":{"loc":{"start":{"line":96,"column":15},"end":{"line":96,"column":100}},"type":"binary-expr","locations":[{"start":{"line":96,"column":15},"end":{"line":96,"column":66}},{"start":{"line":96,"column":70},"end":{"line":96,"column":100}}],"line":96}},"s":{"0":1,"1":3,"2":3,"3":1,"4":1,"5":2,"6":2,"7":2,"8":0,"9":2,"10":2,"11":2,"12":0,"13":2,"14":0,"15":2,"16":1,"17":1,"18":1,"19":1,"20":1,"21":1,"22":1,"23":1,"24":1,"25":1,"26":1,"27":1,"28":1,"29":2,"30":2,"31":2,"32":2,"33":2,"34":1,"35":1,"36":1,"37":1,"38":1,"39":1,"40":1,"41":1,"42":3,"43":3,"44":3,"45":3,"46":1,"47":2,"48":2,"49":2,"50":2,"51":2,"52":1,"53":1,"54":1,"55":1,"56":0,"57":0,"58":0,"59":0,"60":0,"61":0,"62":0,"63":0,"64":0,"65":0,"66":0,"67":0,"68":0,"69":0},"f":{"0":3,"1":2,"2":3,"3":0},"b":{"0":[1,2],"1":[0,2],"2":[2,2],"3":[0,2],"4":[0,2],"5":[1,1],"6":[2,0],"7":[2,0],"8":[1,1],"9":[1,2],"10":[1,1],"11":[1,0],"12":[1,0],"13":[0,0],"14":[0,0],"15":[0,0]},"_coverageSchema":"1a1c01bbd47fc00a2c39e90264f33305004495a9","hash":"445c6118a2dd2b0eded8578517d9b7697284db22"}
,"/home/horlarh/Desktop/booking-simulation/src/lib/catchAsyncErrors.ts": {"path":"/home/horlarh/Desktop/booking-simulation/src/lib/catchAsyncErrors.ts","statementMap":{"0":{"start":{"line":4,"column":4},"end":{"line":11,"column":1}},"1":{"start":{"line":5,"column":8},"end":{"line":10,"column":9}},"2":{"start":{"line":6,"column":12},"end":{"line":6,"column":43}},"3":{"start":{"line":8,"column":12},"end":{"line":8,"column":30}},"4":{"start":{"line":9,"column":12},"end":{"line":9,"column":75}}},"fnMap":{"0":{"name":"(anonymous_0)","decl":{"start":{"line":3,"column":15},"end":{"line":3,"column":16}},"loc":{"start":{"line":3,"column":31},"end":{"line":12,"column":1}},"line":3},"1":{"name":"(anonymous_1)","decl":{"start":{"line":4,"column":11},"end":{"line":4,"column":12}},"loc":{"start":{"line":4,"column":67},"end":{"line":11,"column":1}},"line":4}},"branchMap":{},"s":{"0":7,"1":15,"2":15,"3":1,"4":1},"f":{"0":7,"1":15},"b":{},"_coverageSchema":"1a1c01bbd47fc00a2c39e90264f33305004495a9","hash":"cf51534128f5b2431fe22f387206d10bdf68b1a9"}
,"/home/horlarh/Desktop/booking-simulation/src/lib/validator.ts": {"path":"/home/horlarh/Desktop/booking-simulation/src/lib/validator.ts","statementMap":{"0":{"start":{"line":6,"column":8},"end":{"line":13,"column":28}},"1":{"start":{"line":17,"column":8},"end":{"line":22,"column":28}}},"fnMap":{"0":{"name":"(anonymous_0)","decl":{"start":{"line":5,"column":4},"end":{"line":5,"column":5}},"loc":{"start":{"line":5,"column":34},"end":{"line":14,"column":5}},"line":5},"1":{"name":"(anonymous_1)","decl":{"start":{"line":16,"column":4},"end":{"line":16,"column":5}},"loc":{"start":{"line":16,"column":34},"end":{"line":23,"column":5}},"line":16}},"branchMap":{},"s":{"0":2,"1":2},"f":{"0":2,"1":2},"b":{},"_coverageSchema":"1a1c01bbd47fc00a2c39e90264f33305004495a9","hash":"b3e891bc8ceddd9b84d3d989562347a7d03228ea"}
,"/home/horlarh/Desktop/booking-simulation/src/models/booking.ts": {"path":"/home/horlarh/Desktop/booking-simulation/src/models/booking.ts","statementMap":{"0":{"start":{"line":9,"column":17},"end":{"line":9,"column":25}},"1":{"start":{"line":11,"column":19},"end":{"line":11,"column":27}},"2":{"start":{"line":11,"column":34},"end":{"line":11,"column":44}}},"fnMap":{"0":{"name":"(anonymous_0)","decl":{"start":{"line":11,"column":15},"end":{"line":11,"column":16}},"loc":{"start":{"line":11,"column":19},"end":{"line":11,"column":27}},"line":11},"1":{"name":"(anonymous_1)","decl":{"start":{"line":11,"column":29},"end":{"line":11,"column":30}},"loc":{"start":{"line":11,"column":34},"end":{"line":11,"column":44}},"line":11}},"branchMap":{},"s":{"0":1,"1":0,"2":0},"f":{"0":0,"1":0},"b":{},"_coverageSchema":"1a1c01bbd47fc00a2c39e90264f33305004495a9","hash":"332489ab135feefdb2efad33a9b59ec9dee01c6f"}
,"/home/horlarh/Desktop/booking-simulation/src/models/property.ts": {"path":"/home/horlarh/Desktop/booking-simulation/src/models/property.ts","statementMap":{"0":{"start":{"line":9,"column":17},"end":{"line":9,"column":25}},"1":{"start":{"line":26,"column":19},"end":{"line":26,"column":26}},"2":{"start":{"line":26,"column":33},"end":{"line":26,"column":46}}},"fnMap":{"0":{"name":"(anonymous_0)","decl":{"start":{"line":26,"column":15},"end":{"line":26,"column":16}},"loc":{"start":{"line":26,"column":19},"end":{"line":26,"column":26}},"line":26},"1":{"name":"(anonymous_1)","decl":{"start":{"line":26,"column":28},"end":{"line":26,"column":29}},"loc":{"start":{"line":26,"column":33},"end":{"line":26,"column":46}},"line":26}},"branchMap":{},"s":{"0":1,"1":0,"2":0},"f":{"0":0,"1":0},"b":{},"_coverageSchema":"1a1c01bbd47fc00a2c39e90264f33305004495a9","hash":"64d7e65f8c404db918b5dcf42790c4678ae5dd2d"}
}
