TN:
SF:src/controllers/booking.ts
FN:9,(anonymous_0)
FN:70,(anonymous_1)
FNF:2
FNH:2
FNDA:3,(anonymous_0)
FNDA:2,(anonymous_1)
DA:9,1
DA:10,3
DA:11,3
DA:12,2
DA:14,2
DA:15,2
DA:17,1
DA:18,1
DA:20,1
DA:21,0
DA:24,1
DA:25,1
DA:26,1
DA:27,1
DA:28,1
DA:31,1
DA:34,1
DA:35,0
DA:37,0
DA:38,0
DA:39,0
DA:40,0
DA:41,0
DA:43,0
DA:44,0
DA:45,0
DA:48,0
DA:49,0
DA:50,0
DA:54,0
DA:58,1
DA:59,1
DA:60,1
DA:61,1
DA:62,1
DA:65,1
DA:66,1
DA:67,1
DA:70,1
DA:71,2
DA:72,2
DA:73,2
DA:74,2
DA:75,1
DA:76,1
LF:45
LH:31
BRDA:11,0,0,1
BRDA:11,0,1,2
BRDA:15,1,0,1
BRDA:15,1,1,1
BRDA:20,2,0,0
BRDA:20,2,1,1
BRDA:20,3,0,1
BRDA:20,3,1,1
BRDA:27,4,0,0
BRDA:27,4,1,1
BRDA:28,5,0,0
BRDA:28,5,1,1
BRDA:31,6,0,0
BRDA:31,6,1,1
BRDA:31,7,0,1
BRDA:31,7,1,1
BRDA:31,7,2,1
BRDA:31,7,3,1
BRDA:34,8,0,0
BRDA:34,8,1,1
BRDA:39,9,0,0
BRDA:39,9,1,0
BRDA:43,10,0,0
BRDA:43,10,1,0
BRDA:43,11,0,0
BRDA:43,11,1,0
BRDA:48,12,0,0
BRDA:48,12,1,0
BRDA:48,13,0,0
BRDA:48,13,1,0
BRDA:54,14,0,0
BRDA:54,14,1,0
BRDA:74,15,0,1
BRDA:74,15,1,1
BRF:34
BRH:17
end_of_record
TN:
SF:src/controllers/property.ts
FN:9,(anonymous_0)
FN:45,(anonymous_1)
FN:72,(anonymous_2)
FN:93,(anonymous_3)
FNF:4
FNH:3
FNDA:3,(anonymous_0)
FNDA:2,(anonymous_1)
FNDA:3,(anonymous_2)
FNDA:0,(anonymous_3)
DA:9,1
DA:10,3
DA:11,3
DA:12,1
DA:13,1
DA:16,2
DA:17,2
DA:19,2
DA:20,0
DA:23,2
DA:24,2
DA:27,2
DA:28,2
DA:30,2
DA:31,1
DA:32,1
DA:33,1
DA:34,1
DA:35,1
DA:36,1
DA:37,1
DA:38,1
DA:39,1
DA:40,1
DA:41,1
DA:45,1
DA:46,2
DA:47,2
DA:48,2
DA:49,2
DA:50,2
DA:51,1
DA:52,1
DA:53,1
DA:61,1
DA:64,1
DA:65,1
DA:66,1
DA:72,1
DA:73,3
DA:74,3
DA:76,3
DA:77,3
DA:79,2
DA:81,2
DA:82,2
DA:83,2
DA:85,2
DA:86,1
DA:87,1
DA:88,0
DA:90,0
DA:91,0
DA:92,0
DA:93,0
DA:94,0
DA:95,0
DA:96,0
DA:97,0
DA:98,0
DA:100,0
DA:102,0
LF:62
LH:49
BRDA:11,0,0,1
BRDA:11,0,1,2
BRDA:19,1,0,0
BRDA:19,1,1,2
BRDA:19,2,0,2
BRDA:19,2,1,2
BRDA:27,3,0,0
BRDA:27,3,1,2
BRDA:28,4,0,0
BRDA:28,4,1,2
BRDA:30,5,0,1
BRDA:30,5,1,1
BRDA:47,6,0,2
BRDA:47,6,1,0
BRDA:48,7,0,2
BRDA:48,7,1,0
BRDA:50,8,0,1
BRDA:50,8,1,1
BRDA:77,9,0,1
BRDA:77,9,1,2
BRDA:85,10,0,1
BRDA:85,10,1,1
BRDA:86,11,0,1
BRDA:86,11,1,0
BRDA:87,12,0,1
BRDA:87,12,1,0
BRDA:90,13,0,0
BRDA:90,13,1,0
BRDA:96,14,0,0
BRDA:96,14,1,0
BRDA:96,15,0,0
BRDA:96,15,1,0
BRF:32
BRH:19
end_of_record
TN:
SF:src/lib/catchAsyncErrors.ts
FN:3,(anonymous_0)
FN:4,(anonymous_1)
FNF:2
FNH:2
FNDA:7,(anonymous_0)
FNDA:15,(anonymous_1)
DA:4,7
DA:5,15
DA:6,15
DA:8,1
DA:9,1
LF:5
LH:5
BRF:0
BRH:0
end_of_record
TN:
SF:src/lib/validator.ts
FN:5,(anonymous_0)
FN:16,(anonymous_1)
FNF:2
FNH:2
FNDA:2,(anonymous_0)
FNDA:2,(anonymous_1)
DA:6,2
DA:17,2
LF:2
LH:2
BRF:0
BRH:0
end_of_record
TN:
SF:src/models/booking.ts
FN:11,(anonymous_0)
FN:11,(anonymous_1)
FNF:2
FNH:0
FNDA:0,(anonymous_0)
FNDA:0,(anonymous_1)
DA:9,1
DA:11,0
LF:2
LH:1
BRF:0
BRH:0
end_of_record
TN:
SF:src/models/property.ts
FN:26,(anonymous_0)
FN:26,(anonymous_1)
FNF:2
FNH:0
FNDA:0,(anonymous_0)
FNDA:0,(anonymous_1)
DA:9,1
DA:26,0
LF:2
LH:1
BRF:0
BRH:0
end_of_record
